<?xml version="1.0" encoding="UTF-8"?>
<!-- Generated by org.testng.reporters.JUnitReportReporter -->
<testsuite hostname="USL-L-GYPFGH2" failures="0" tests="1" name="testmethods.ClearTrip" time="24.874" errors="0" timestamp="02 Aug 2021 18:30:11 GMT" skipped="0">
  <testcase classname="testmethods.ClearTrip" name="getBankTitle" time="24.874"/>
</testsuite> <!-- testmethods.ClearTrip -->
