<?xml version="1.0" encoding="UTF-8"?>
<!-- Generated by org.testng.reporters.JUnitReportReporter -->
<testsuite hostname="USL-L-GYPFGH2" failures="0" tests="1" name="testmethods.HomePageTest" time="29.476" errors="0" timestamp="03 Aug 2021 09:56:35 GMT" skipped="0">
  <testcase classname="testmethods.HomePageTest" name="searchFlightDetails" time="29.476"/>
</testsuite> <!-- testmethods.HomePageTest -->
