<?xml version="1.0" encoding="UTF-8"?>
<!-- Generated by org.testng.reporters.JUnitReportReporter -->
<testsuite hostname="USL-L-GYPFGH2" failures="0" tests="1" name="testmethods.ItineraryPageTest" time="37.409" errors="0" timestamp="03 Aug 2021 12:10:36 GMT" skipped="0">
  <testcase classname="testmethods.ItineraryPageTest" name="enterItineraryPageDetails" time="37.409"/>
</testsuite> <!-- testmethods.ItineraryPageTest -->
