<?xml version="1.0" encoding="UTF-8"?>
<!-- Generated by org.testng.reporters.JUnitReportReporter -->
<testsuite hostname="USL-L-GYPFGH2" failures="0" tests="1" name="testpackage.MavenTest1" time="0.007" errors="0" timestamp="21 Jul 2021 14:17:23 GMT" skipped="0">
  <testcase classname="testpackage.MavenTest1" name="test" time="0.007"/>
</testsuite> <!-- testpackage.MavenTest1 -->
