<?xml version="1.0" encoding="UTF-8"?>
<!-- Generated by org.testng.reporters.JUnitReportReporter -->
<testsuite hostname="USL-L-GYPFGH2" failures="0" tests="1" name="testmethods.HomePageModuleTest" time="0.000" errors="0" timestamp="22 Jul 2021 11:00:05 GMT" skipped="1">
  <testcase classname="testmethods.HomePageModuleTest" name="verifyHomePageTitle" time="0.000">
    <skipped/>
  </testcase> <!-- verifyHomePageTitle -->
</testsuite> <!-- testmethods.HomePageModuleTest -->
